# JRE version: Java(TM) SE Runtime Environment (8.0_144-b01) (build 1.8.0_144-b01)
# Java VM: Java HotSpot(TM) 64-Bit Server VM (25.144-b01 mixed mode bsd-amd64 compressed oops)
Heap:
 PSYoungGen      total 397312K, used 202199K [0x00000007a0000000, 0x00000007ba480000, 0x00000007c0000000)
  eden space 374272K, 47% used [0x00000007a0000000,0x00000007aaef8320,0x00000007b6d80000)
  from space 23040K, 99% used [0x00000007b8980000,0x00000007b9ffdc90,0x00000007ba000000)
  to   space 28160K, 0% used [0x00000007b6d80000,0x00000007b6d80000,0x00000007b8900000)
 ParOldGen       total 248320K, used 33457K [0x0000000760000000, 0x000000076f280000, 0x00000007a0000000)
  object space 248320K, 13% used [0x0000000760000000,0x00000007620ac5f0,0x000000076f280000)
 Metaspace       used 80323K, capacity 83302K, committed 83368K, reserved 1122304K
  class space    used 10779K, capacity 11427K, committed 11432K, reserved 1048576K
GC Heap History (10 events):
Event: 2.871 GC heap before
{Heap before GC invocations=7 (full 2):
 PSYoungGen      total 272896K, used 10724K [0x00000007a0000000, 0x00000007b2800000, 0x00000007c0000000)
  eden space 262144K, 0% used [0x00000007a0000000,0x00000007a0000000,0x00000007b0000000)
  from space 10752K, 99% used [0x00000007b0000000,0x00000007b0a793c0,0x00000007b0a80000)
  to   space 14336K, 0% used [0x00000007b1a00000,0x00000007b1a00000,0x00000007b2800000)
 ParOldGen       total 110592K, used 12588K [0x0000000760000000, 0x0000000766c00000, 0x00000007a0000000)
  object space 110592K, 11% used [0x0000000760000000,0x0000000760c4b0e8,0x0000000766c00000)
 Metaspace       used 34748K, capacity 35342K, committed 35496K, reserved 1079296K
  class space    used 5009K, capacity 5227K, committed 5288K, reserved 1048576K
Event: 2.913 GC heap after
Heap after GC invocations=7 (full 2):
 PSYoungGen      total 272896K, used 0K [0x00000007a0000000, 0x00000007b2800000, 0x00000007c0000000)
  eden space 262144K, 0% used [0x00000007a0000000,0x00000007a0000000,0x00000007b0000000)
  from space 10752K, 0% used [0x00000007b0000000,0x00000007b0000000,0x00000007b0a80000)
  to   space 14336K, 0% used [0x00000007b1a00000,0x00000007b1a00000,0x00000007b2800000)
 ParOldGen       total 181248K, used 19298K [0x0000000760000000, 0x000000076b100000, 0x00000007a0000000)
  object space 181248K, 10% used [0x0000000760000000,0x00000007612d8810,0x000000076b100000)
 Metaspace       used 34748K, capacity 35342K, committed 35496K, reserved 1079296K
  class space    used 5009K, capacity 5227K, committed 5288K, reserved 1048576K
}
Event: 14.185 GC heap before
{Heap before GC invocations=8 (full 2):
 PSYoungGen      total 272896K, used 262144K [0x00000007a0000000, 0x00000007b2800000, 0x00000007c0000000)
  eden space 262144K, 100% used [0x00000007a0000000,0x00000007b0000000,0x00000007b0000000)
  from space 10752K, 0% used [0x00000007b0000000,0x00000007b0000000,0x00000007b0a80000)
  to   space 14336K, 0% used [0x00000007b1a00000,0x00000007b1a00000,0x00000007b2800000)
 ParOldGen       total 181248K, used 19298K [0x0000000760000000, 0x000000076b100000, 0x00000007a0000000)
  object space 181248K, 10% used [0x0000000760000000,0x00000007612d8810,0x000000076b100000)
 Metaspace       used 54741K, capacity 56542K, committed 56744K, reserved 1097728K
  class space    used 7535K, capacity 7987K, committed 8104K, reserved 1048576K
Event: 14.208 GC heap after
Heap after GC invocations=8 (full 2):
 PSYoungGen      total 280576K, used 14325K [0x00000007a0000000, 0x00000007b8780000, 0x00000007c0000000)
  eden space 266240K, 0% used [0x00000007a0000000,0x00000007a0000000,0x00000007b0400000)
  from space 14336K, 99% used [0x00000007b1a00000,0x00000007b27fd4c0,0x00000007b2800000)
  to   space 22528K, 0% used [0x00000007b0400000,0x00000007b0400000,0x00000007b1a00000)
 ParOldGen       total 181248K, used 31001K [0x0000000760000000, 0x000000076b100000, 0x00000007a0000000)
  object space 181248K, 17% used [0x0000000760000000,0x0000000761e464b8,0x000000076b100000)
 Metaspace       used 54741K, capacity 56542K, committed 56744K, reserved 1097728K
  class space    used 7535K, capacity 7987K, committed 8104K, reserved 1048576K
}
Event: 14.504 GC heap before
{Heap before GC invocations=9 (full 2):
 PSYoungGen      total 280576K, used 55301K [0x00000007a0000000, 0x00000007b8780000, 0x00000007c0000000)
  eden space 266240K, 15% used [0x00000007a0000000,0x00000007a28040a8,0x00000007b0400000)
  from space 14336K, 99% used [0x00000007b1a00000,0x00000007b27fd4c0,0x00000007b2800000)
  to   space 22528K, 0% used [0x00000007b0400000,0x00000007b0400000,0x00000007b1a00000)
 ParOldGen       total 181248K, used 31001K [0x0000000760000000, 0x000000076b100000, 0x00000007a0000000)
  object space 181248K, 17% used [0x0000000760000000,0x0000000761e464b8,0x000000076b100000)
 Metaspace       used 57300K, capacity 59078K, committed 59160K, reserved 1099776K
  class space    used 7911K, capacity 8329K, committed 8360K, reserved 1048576K
Event: 14.514 GC heap after
Heap after GC invocations=9 (full 2):
 PSYoungGen      total 288768K, used 16686K [0x00000007a0000000, 0x00000007ba000000, 0x00000007c0000000)
  eden space 266240K, 0% used [0x00000007a0000000,0x00000007a0000000,0x00000007b0400000)
  from space 22528K, 74% used [0x00000007b0400000,0x00000007b144b9a8,0x00000007b1a00000)
  to   space 23040K, 0% used [0x00000007b8980000,0x00000007b8980000,0x00000007ba000000)
 ParOldGen       total 181248K, used 31009K [0x0000000760000000, 0x000000076b100000, 0x00000007a0000000)
  object space 181248K, 17% used [0x0000000760000000,0x0000000761e484b8,0x000000076b100000)
 Metaspace       used 57300K, capacity 59078K, committed 59160K, reserved 1099776K
  class space    used 7911K, capacity 8329K, committed 8360K, reserved 1048576K
}
Event: 14.514 GC heap before
{Heap before GC invocations=10 (full 3):
 PSYoungGen      total 288768K, used 16686K [0x00000007a0000000, 0x00000007ba000000, 0x00000007c0000000)
  eden space 266240K, 0% used [0x00000007a0000000,0x00000007a0000000,0x00000007b0400000)
  from space 22528K, 74% used [0x00000007b0400000,0x00000007b144b9a8,0x00000007b1a00000)
  to   space 23040K, 0% used [0x00000007b8980000,0x00000007b8980000,0x00000007ba000000)
 ParOldGen       total 181248K, used 31009K [0x0000000760000000, 0x000000076b100000, 0x00000007a0000000)
  object space 181248K, 17% used [0x0000000760000000,0x0000000761e484b8,0x000000076b100000)
 Metaspace       used 57300K, capacity 59078K, committed 59160K, reserved 1099776K
  class space    used 7911K, capacity 8329K, committed 8360K, reserved 1048576K
Event: 14.656 GC heap after
Heap after GC invocations=10 (full 3):
 PSYoungGen      total 288768K, used 0K [0x00000007a0000000, 0x00000007ba000000, 0x00000007c0000000)
  eden space 266240K, 0% used [0x00000007a0000000,0x00000007a0000000,0x00000007b0400000)
  from space 22528K, 0% used [0x00000007b0400000,0x00000007b0400000,0x00000007b1a00000)
  to   space 23040K, 0% used [0x00000007b8980000,0x00000007b8980000,0x00000007ba000000)
 ParOldGen       total 248320K, used 29404K [0x0000000760000000, 0x000000076f280000, 0x00000007a0000000)
  object space 248320K, 11% used [0x0000000760000000,0x0000000761cb72d0,0x000000076f280000)
 Metaspace       used 57300K, capacity 59078K, committed 59160K, reserved 1099776K
  class space    used 7911K, capacity 8329K, committed 8360K, reserved 1048576K
}
Event: 78.262 GC heap before
{Heap before GC invocations=11 (full 3):
 PSYoungGen      total 288768K, used 266240K [0x00000007a0000000, 0x00000007ba000000, 0x00000007c0000000)
  eden space 266240K, 100% used [0x00000007a0000000,0x00000007b0400000,0x00000007b0400000)
  from space 22528K, 0% used [0x00000007b0400000,0x00000007b0400000,0x00000007b1a00000)
  to   space 23040K, 0% used [0x00000007b8980000,0x00000007b8980000,0x00000007ba000000)
 ParOldGen       total 248320K, used 29404K [0x0000000760000000, 0x000000076f280000, 0x00000007a0000000)
  object space 248320K, 11% used [0x0000000760000000,0x0000000761cb72d0,0x000000076f280000)
 Metaspace       used 78242K, capacity 80700K, committed 80936K, reserved 1118208K
  class space    used 10637K, capacity 11224K, committed 11304K, reserved 1048576K
Event: 78.283 GC heap after
Heap after GC invocations=11 (full 3):
 PSYoungGen      total 397312K, used 23031K [0x00000007a0000000, 0x00000007ba480000, 0x00000007c0000000)
  eden space 374272K, 0% used [0x00000007a0000000,0x00000007a0000000,0x00000007b6d80000)
  from space 23040K, 99% used [0x00000007b8980000,0x00000007b9ffdc90,0x00000007ba000000)
  to   space 28160K, 0% used [0x00000007b6d80000,0x00000007b6d80000,0x00000007b8900000)
 ParOldGen       total 248320K, used 33457K [0x0000000760000000, 0x000000076f280000, 0x00000007a0000000)
  object space 248320K, 13% used [0x0000000760000000,0x00000007620ac5f0,0x000000076f280000)
 Metaspace       used 78242K, capacity 80700K, committed 80936K, reserved 1118208K
  class space    used 10637K, capacity 11224K, committed 11304K, reserved 1048576K
}

